<?xml version="1.0" encoding="UTF-8"?>
<!-- Generated by org.testng.reporters.JUnitReportReporter -->
<testsuite hostname="MANTHANs-MacBook-Pro.local" failures="0" tests="1" name="com.qa.tests.RegisterPageTest" time="0.905" errors="0" timestamp="22 May 2024 02:45:36 GMT" skipped="0">
  <testcase classname="com.qa.tests.RegisterPageTest" name="pageTitleTest" time="0.905"/>
</testsuite> <!-- com.qa.tests.RegisterPageTest -->
