<?xml version="1.0" encoding="UTF-8"?>
<!-- Generated by org.testng.reporters.JUnitReportReporter -->
<testsuite hostname="MANTHANs-MacBook-Pro.local" failures="0" tests="3" name="com.qa.tests.LoginPageTest" time="0.937" errors="0" timestamp="06 Jun. 2024 17:05:00 GMT" skipped="0">
  <testcase classname="com.qa.tests.LoginPageTest" name="loginPageTitleTest" time="0.011"/>
  <testcase classname="com.qa.tests.LoginPageTest" name="registerLinkTest" time="0.051"/>
  <testcase classname="com.qa.tests.LoginPageTest" name="loginTest" time="0.875"/>
</testsuite> <!-- com.qa.tests.LoginPageTest -->
