<?xml version="1.0" encoding="UTF-8"?>
<!-- Generated by org.testng.reporters.JUnitReportReporter -->
<testsuite hostname="MANTHANs-MacBook-Pro.local" failures="0" tests="1" name="com.qa.testlayers.LoginpageTest" time="0.011" errors="0" timestamp="02 May 2024 02:51:59 GMT" skipped="0">
  <testcase classname="com.qa.testlayers.LoginpageTest" name="loginPageTitleTest" time="0.011"/>
</testsuite> <!-- com.qa.testlayers.LoginpageTest -->
