<?xml version="1.0" encoding="UTF-8"?>
<!-- Generated by org.testng.reporters.JUnitReportReporter -->
<testsuite hostname="MANTHANs-MacBook-Pro.local" failures="0" tests="3" name="com.qa.tests.LoginPageTest" time="1.019" errors="0" timestamp="22 May 2024 02:13:57 GMT" skipped="0">
  <testcase classname="com.qa.tests.LoginPageTest" name="loginPageTitleTest" time="0.012"/>
  <testcase classname="com.qa.tests.LoginPageTest" name="registerLinkTest" time="0.047"/>
  <testcase classname="com.qa.tests.LoginPageTest" name="loginTest" time="0.960"/>
</testsuite> <!-- com.qa.tests.LoginPageTest -->
