<?xml version="1.0" encoding="UTF-8"?>
<!-- Generated by org.testng.reporters.JUnitReportReporter -->
<testsuite hostname="MANTHANs-MacBook-Pro.local" failures="0" tests="3" name="com.qa.tests.LoginPageTest" time="16.562" errors="0" timestamp="14 Jun. 2024 02:21:57 GMT" skipped="0">
  <testcase classname="com.qa.tests.LoginPageTest" name="loginPageTitleTest" time="4.664"/>
  <testcase classname="com.qa.tests.LoginPageTest" name="registerLinkTest" time="6.301"/>
  <testcase classname="com.qa.tests.LoginPageTest" name="loginTest" time="5.597"/>
</testsuite> <!-- com.qa.tests.LoginPageTest -->
