<?xml version="1.0" encoding="UTF-8"?>
<!-- Generated by org.testng.reporters.JUnitReportReporter -->
<testsuite hostname="MANTHANs-MacBook-Pro.local" failures="0" tests="3" name="com.qa.tests.LoginPageTest" time="17.037" errors="0" timestamp="18 Jun. 2024 02:52:29 GMT" skipped="0">
  <testcase classname="com.qa.tests.LoginPageTest" name="loginPageTitleTest" time="6.215"/>
  <testcase classname="com.qa.tests.LoginPageTest" name="registerLinkTest" time="4.922"/>
  <testcase classname="com.qa.tests.LoginPageTest" name="loginTest" time="5.900"/>
</testsuite> <!-- com.qa.tests.LoginPageTest -->
