<?xml version="1.0" encoding="UTF-8"?>
<!-- Generated by org.testng.reporters.JUnitReportReporter -->
<testsuite hostname="MANTHANs-MacBook-Pro.local" failures="0" tests="1" name="com.qa.tests.AccountsPageTest" time="0.871" errors="0" timestamp="29 May 2024 22:18:02 GMT" skipped="0">
  <testcase classname="com.qa.tests.AccountsPageTest" name="ProductInfoTest" time="0.871"/>
</testsuite> <!-- com.qa.tests.AccountsPageTest -->
