<?xml version="1.0" encoding="UTF-8"?>
<!-- Generated by org.testng.reporters.JUnitReportReporter -->
<testsuite hostname="MANTHANs-MacBook-Pro.local" failures="0" tests="3" name="com.qa.tests.LoginPageTest" time="16.756" errors="0" timestamp="06 Jun. 2024 20:31:12 GMT" skipped="0">
  <testcase classname="com.qa.tests.LoginPageTest" name="loginPageTitleTest" time="6.094"/>
  <testcase classname="com.qa.tests.LoginPageTest" name="registerLinkTest" time="4.917"/>
  <testcase classname="com.qa.tests.LoginPageTest" name="loginTest" time="5.745"/>
</testsuite> <!-- com.qa.tests.LoginPageTest -->
